# METADATA
# Platform: Quadrotor X (frame 450mm)
# FC: Pixhawk4 (PX4 v1.13.0)
# ESCs: 4x BLHeli_32 (telemetry enabled)
# Motors: 4x 1806 2300KV
# Battery: 4S LiPo 5000mAh
# Mode: LOITER (may switch to ALT_HOLD briefly), final disarm at 14:00:00
# Timezone: Europe/Madrid (CET)

[2018-09-13 13:00:00.000 CET] FC INFO  : BOOT_COMPLETE - PX4 v1.13.0
[2018-09-13 13:00:00.021 CET] GPS INFO : LOCK - 12 sats, HDOP 0.8, FIX 3D
[2018-09-13 13:00:00.122 CET] POWER   : BATT_VOLT=16.80V BATT_CURR=1.2A SOC=100%
[2018-09-13 13:00:00.185 CET] ESC_TLM : ESC1 RPM=0 PWM=1000 TEMP=28C CURR=0.0A
[2018-09-13 13:00:02.004 CET] FC INFO  : ARM_SUCCESS - System armed by RC
[2018-09-13 13:00:03.210 CET] MODE    : LOITER engaged
[2018-09-13 13:00:05.118 CET] ESC_TLM : ESC1 RPM=3200 PWM=1380 TEMP=34C CURR=4.2A
[2018-09-13 13:00:05.120 CET] ESC_TLM : ESC2 RPM=3185 PWM=1378 TEMP=33C CURR=4.1A
[2018-09-13 13:00:05.123 CET] ESC_TLM : ESC3 RPM=3210 PWM=1382 TEMP=34C CURR=4.3A
[2018-09-13 13:00:05.118 CET] ESC_TLM : ESC4 RPM=3195 PWM=1379 TEMP=33C CURR=4.2A
[2018-09-13 13:00:10.010 CET] IMU INFO : VIBE_X=0.012g VIBE_Y=0.010g VIBE_Z=0.013g
[2018-09-13 13:00:10.012 CET] NAV     : ALT=120.3m REL_ALT=20.3m VEL_X=0.02 VEL_Y=-0.01
[2018-09-13 13:00:15.005 CET] POWER   : BATT_VOLT=16.75V BATT_CURR=4.5A SOC=99%
[2018-09-13 13:00:15.007 CET] ESC_TLM : ESC1 RPM=3180 PWM=1390 TEMP=35C CURR=4.8A
[2018-09-13 13:00:20.004 CET] GPS INFO : SATS=12 FIX=3D LAT=40.41678 LON=-3.70379
[2018-09-13 13:00:20.006 CET] FC INFO  : LOITER_STABLE - position hold within 0.6m
[2018-09-13 13:00:18.002 CET] ESC_TLM : ESC2 RPM=3260 PWM=1392 TEMP=35C CURR=4.9A
[2018-09-13 13:00:30.008 CET] IMU INFO : ACC=0.01g GYRO_Z=0.003rad/s
[2018-09-13 13:00:30.010 CET] POWER   : BATT_VOLT=16.70V BATT_CURR=5.1A SOC=98%
[2018-09-13 13:00:30.012 CET] LOG     : HEARTBEAT - 50Hz loop ok
[2018-09-13 13:00:35.015 CET] ESC_TLM : ESC3 RPM=3275 PWM=1395 TEMP=36C CURR=5.0A
[2018-09-13 13:00:40.021 CET] NAV     : ALT=121.0m REL_ALT=21.0m VEL_X=0.00 VEL_Y=0.01
[2018-09-13 13:00:40.023 CET] GPS INFO : HDOP=0.85
[2018-09-13 13:00:45.030 CET] POWER   : BATT_VOLT=16.66V BATT_CURR=4.8A SOC=98%
[2018-09-13 13:00:45.032 CET] ESC_TLM : ESC4 RPM=3280 PWM=1396 TEMP=36C CURR=4.9A
[2018-09-13 13:00:50.038 CET] IMU INFO : VIBE all axes nominal
[2018-09-13 13:00:50.040 CET] FC INFO  : ALT_HOLD engaged (brief auto mode change for waypoint)
[2018-09-13 13:00:55.044 CET] MODE    : LOITER re-engaged
[2018-09-13 13:01:00.000 CET] FC INFO : Establishing communication.
[2018-09-13 13:01:00.000 CET] FC INFO : Communication established. Signal strength: 100%.
[2018-09-13 13:01:00.001 CET] POWER   : BATT_VOLT=16.60V BATT_CURR=5.6A SOC=97%
[2018-09-13 13:01:00.003 CET] ESC_TLM : ESC1 RPM=3300 PWM=1300 TEMP=37C CURR=5.4A
[2018-09-13 13:01:05.008 CET] GPS INFO : SATS=11 HDOP=0.88
[2018-09-13 13:01:05.432 CET] FC INFO : Communication established. Sending image file.
[2018-09-13 13:01:10.013 CET] NAV     : HORIZONTAL_ERR=0.4m
[2018-09-13 13:01:10.016 CET] IMU INFO : GYRO_X small drift compensated by AHRS
[2018-09-13 13:01:15.021 CET] ESC_TLM : ESC2 RPM=3310 PWM=1301 TEMP=37C CURR=5.5A
[2018-09-13 13:01:20.027 CET] POWER   : BATT_VOLT=16.55V BATT_CURR=5.2A SOC=96%
[2018-09-13 13:01:20.029 CET] FC INFO  : LOITER_STABLE - position hold within 0.5m
[2018-09-13 13:01:18.035 CET] ESC_TLM : ESC3 RPM=3320 PWM=1303 TEMP=38C CURR=5.6A
[2018-09-13 13:01:30.043 CET] IMU INFO : VIBRATIONS nominal
[2018-09-13 13:01:35.049 CET] POWER   : BATT_VOLT=16.50V BATT_CURR=4.9A SOC=96%
[2018-09-13 13:01:35.051 CET] ESC_TLM : ESC4 RPM=3330 PWM=1305 TEMP=38C CURR=5.0A
[2018-09-13 13:01:40.057 CET] FC INFO  : TELEMETRY - GCS link quality 98%
[2018-09-13 13:01:45.063 CET] NAV     : ALT=119.8m REL_ALT=19.8m
[2018-09-13 13:01:45.065 CET] POWER   : BATT_VOLT=16.45V BATT_CURR=5.1A SOC=95%
[2018-09-13 13:01:50.071 CET] ESC_TLM : ESC1 RPM=3340 PWM=1306 TEMP=39C CURR=5.3A
[2018-09-13 13:01:55.077 CET] IMU INFO : GYRO compensated by EKF2
[2018-09-13 13:02:00.000 CET] FC INFO : Establishing communication.
[2018-09-13 13:02:00.000 CET] FC INFO : Communication established. Signal strength: 98%.
[2018-09-13 13:02:00.001 CET] POWER   : BATT_VOLT=16.40V BATT_CURR=5.4A SOC=95%
[2018-09-13 13:02:00.003 CET] ESC_TLM : ESC2 RPM=3350 PWM=1308 TEMP=39C CURR=5.5A
[2018-09-13 13:02:04.320 CET] FC INFO : Communication established. Sending image file.
[2018-09-13 13:02:05.009 CET] NAV     : POS_ERR<0.6m - loiter locked
[2018-09-13 13:02:10.015 CET] GPS INFO : SATS=12 HDOP=0.80
[2018-09-13 13:02:10.017 CET] FC INFO  : LOGGING - SD OK
[2018-09-13 13:02:15.023 CET] ESC_TLM : ESC3 RPM=3355 PWM=1310 TEMP=40C CURR=5.6A
[2018-09-13 13:02:20.029 CET] POWER   : BATT_VOLT=16.36V BATT_CURR=5.9A SOC=94%
[2018-09-13 13:02:20.031 CET] IMU INFO : ACC nominal
[2018-09-13 13:02:18.037 CET] ESC_TLM : ESC4 RPM=3360 PWM=1311 TEMP=40C CURR=5.7A
[2018-09-13 13:02:30.043 CET] NAV     : ALT=120.1m REL_ALT=20.1m VEL_Z=0.01m/s
[2018-09-13 13:02:35.049 CET] POWER   : BATT_VOLT=16.32V BATT_CURR=5.3A SOC=94%
[2018-09-13 13:02:35.051 CET] FC INFO  : AUTO_TUNE none (pilot control)
[2018-09-13 13:02:40.057 CET] ESC_TLM : ESC1 RPM=3370 PWM=1313 TEMP=41C CURR=5.4A
[2018-09-13 13:02:50.069 CET] IMU INFO : VIBRATION levels stable
[2018-09-13 13:02:50.071 CET] POWER   : BATT_VOLT=16.28V BATT_CURR=4.8A SOC=93%
[2018-09-13 13:02:55.077 CET] ESC_TLM : ESC2 RPM=3380 PWM=1316 TEMP=41C CURR=5.1A
[2018-09-13 13:03:00.000 CET] FC INFO : Establishing communication.
[2018-09-13 13:03:00.000 CET] FC INFO : Communication established. Signal strength: 90%.
[2018-09-13 13:03:00.001 CET] POWER   : BATT_VOLT=16.24V BATT_CURR=5.0A SOC=93%
[2018-09-13 13:03:03.421 CET] FC INFO : Communication established. Sending image file.
[2018-09-13 13:03:00.003 CET] NAV     : HOLD radius 0.5m
[2018-09-13 13:03:05.009 CET] ESC_TLM : ESC3 RPM=3385 PWM=1317 TEMP=41C CURR=5.2A
[2018-09-13 13:03:10.015 CET] GPS INFO : SATS=12 HDOP=0.82
[2018-09-13 13:03:10.017 CET] FC INFO  : RC_SIGNAL strong
[2018-09-13 13:03:15.023 CET] ESC_TLM : ESC4 RPM=3390 PWM=1319 TEMP=42C CURR=5.3A
[2018-09-13 13:03:20.029 CET] POWER   : BATT_VOLT=16.20V BATT_CURR=5.6A SOC=92%
[2018-09-13 13:03:20.031 CET] IMU INFO : EKF2 healthy
[2018-09-13 13:03:18.037 CET] ESC_TLM : ESC1 RPM=3400 PWM=1320 TEMP=42C CURR=5.6A
[2018-09-13 13:03:30.043 CET] NAV     : ALT=119.9m REL_ALT=19.9m
[2018-09-13 13:03:35.049 CET] POWER   : BATT_VOLT=16.15V BATT_CURR=4.9A SOC=92%
[2018-09-13 13:03:35.051 CET] ESC_TLM : ESC2 RPM=3405 PWM=1322 TEMP=43C CURR=5.0A
[2018-09-13 13:03:40.057 CET] IMU INFO : SMALL_GUST detected - EKF compensating
[2018-09-13 13:03:40.059 CET] FC INFO  : LOITER_STABLE after wind correction
[2018-09-13 13:03:45.063 CET] ESC_TLM : ESC3 RPM=3410 PWM=1323 TEMP=43C CURR=5.2A
[2018-09-13 13:03:50.069 CET] POWER   : BATT_VOLT=16.11V BATT_CURR=5.4A SOC=91%
[2018-09-13 13:03:50.071 CET] ESC_TLM : ESC4 RPM=3412 PWM=1324 TEMP=43C CURR=5.3A
[2018-09-13 13:03:55.077 CET] GPS INFO : SATS=12 HDOP=0.81
[2018-09-13 13:04:00.000 CET] FC INFO : Establishing communication.
[2018-09-13 13:04:00.000 CET] FC INFO : Communication established. Signal strength: 88%.
[2018-09-13 13:04:00.001 CET] POWER   : BATT_VOLT=16.08V BATT_CURR=5.0A SOC=91%
[2018-09-13 13:04:04.109 CET] FC INFO : Communication established. Sending image file.
[2018-09-13 13:04:04.343 CET] FC INFO  : AUTOPILOT loop 200Hz healthy
[2018-09-13 13:04:05.009 CET] ESC_TLM : ESC1 RPM=3415 PWM=1318 TEMP=44C CURR=5.1A
[2018-09-13 13:04:10.015 CET] NAV     : HORIZ_ERR < 0.4m
[2018-09-13 13:04:10.017 CET] IMU INFO : VIB_RMS 0.013g
[2018-09-13 13:04:15.023 CET] POWER   : BATT_VOLT=16.04V BATT_CURR=5.3A SOC=90%
[2018-09-13 13:04:15.018 CET] ESC_TLM : ESC2 RPM=3420 PWM=1327 TEMP=44C CURR=5.4A
[2018-09-13 13:04:20.033 CET] FC INFO  : TELEMETRY packet RX/TX stable
[2018-09-13 13:04:18.039 CET] ESC_TLM : ESC3 RPM=3418 PWM=1328 TEMP=44C CURR=5.5A
[2018-09-13 13:04:30.045 CET] POWER   : BATT_VOLT=16.00V BATT_CURR=5.1A SOC=90%
[2018-09-13 13:04:30.047 CET] IMU INFO : GYRO compensated
[2018-09-13 13:04:35.053 CET] ESC_TLM : ESC4 RPM=3430 PWM=1330 TEMP=45C CURR=5.2A
[2018-09-13 13:04:40.059 CET] NAV     : ALT=120.5m REL_ALT=20.5m
[2018-09-13 13:04:40.061 CET] GPS INFO : HDOP=0.79 SATS=13
[2018-09-13 13:04:45.065 CET] POWER   : BATT_VOLT=15.96V BATT_CURR=4.7A SOC=89%
[2018-09-13 13:04:45.067 CET] ESC_TLM : ESC1 RPM=3440 PWM=1332 TEMP=45C CURR=4.8A
[2018-09-13 13:04:50.073 CET] IMU INFO : VIBRATION stable
[2018-09-13 13:04:50.075 CET] FC INFO  : FLIGHT_TIME=290s
[2018-09-13 13:04:55.081 CET] ESC_TLM : ESC2 RPM=3445 PWM=1334 TEMP=46C CURR=4.9A
[2018-09-13 13:05:00.000 CET] FC INFO : Establishing communication.
[2018-09-13 13:05:00.000 CET] FC INFO : Communication established. Signal strength: 85%.
[2018-09-13 13:05:00.001 CET] POWER   : BATT_VOLT=15.92V BATT_CURR=5.0A SOC=89%
[2018-09-13 13:05:00.003 CET] NAV     : LOITER hold radius 0.5m
[2018-09-13 13:05:05.009 CET] ESC_TLM : ESC3 RPM=3450 PWM=1335 TEMP=46C CURR=5.0A
[2018-09-13 13:05:10.302 CET] FC INFO : Communication established. Sending image file.
[2018-09-13 13:05:10.017 CET] IMU INFO : EKF2 position variance nominal
[2018-09-13 13:05:15.023 CET] POWER   : BATT_VOLT=15.88V BATT_CURR=4.6A SOC=88%
[2018-09-13 13:05:15.018 CET] ESC_TLM : ESC4 RPM=3455 PWM=1337 TEMP=46C CURR=4.7A
[2018-09-13 13:05:20.031 CET] NAV     : ALT=120.0m REL_ALT=20.0m
[2018-09-13 13:05:20.033 CET] FC INFO  : RC override none
[2018-09-13 13:05:18.039 CET] ESC_TLM : ESC1 RPM=3460 PWM=1339 TEMP=47C CURR=5.2A
[2018-09-13 13:05:30.045 CET] POWER   : BATT_VOLT=15.84V BATT_CURR=5.5A SOC=88%
[2018-09-13 13:05:30.047 CET] IMU INFO : SMALL corrective yaw applied
[2018-09-13 13:05:35.053 CET] ESC_TLM : ESC2 RPM=3465 PWM=1340 TEMP=47C CURR=5.4A
[2018-09-13 13:05:40.059 CET] GPS INFO : HDOP=0.78 SATS=13
[2018-09-13 13:05:40.061 CET] POWER   : BATT_VOLT=15.80V BATT_CURR=5.0A SOC=87%
[2018-09-13 13:05:45.067 CET] ESC_TLM : ESC3 RPM=3470 PWM=1342 TEMP=47C CURR=5.1A
[2018-09-13 13:05:50.073 CET] NAV     : HORIZ_ERR 0.3m
[2018-09-13 13:05:50.075 CET] ESC_TLM : ESC4 RPM=3472 PWM=1343 TEMP=48C CURR=5.2A
[2018-09-13 13:05:55.081 CET] POWER   : BATT_VOLT=15.76V BATT_CURR=4.8A SOC=87%
[2018-09-13 13:06:00.000 CET] FC INFO : Establishing communication.
[2018-09-13 13:06:00.000 CET] FC INFO : Communication established. Signal strength: 83%.
[2018-09-13 13:06:00.001 CET] FC INFO  : FLIGHT_TIME=360s
[2018-09-13 13:06:00.003 CET] ESC_TLM : ESC1 RPM=3480 PWM=1345 TEMP=48C CURR=4.9A
[2018-09-13 13:06:04.420 CET] FC INFO : Communication established. Sending image file.
[2018-09-13 13:06:05.009 CET] GPS INFO : SATS=13 HDOP=0.77
[2018-09-13 13:06:10.015 CET] IMU INFO : GYRO nominal
[2018-09-13 13:06:10.017 CET] POWER   : BATT_VOLT=15.72V BATT_CURR=5.3A SOC=86%
[2018-09-13 13:06:15.023 CET] ESC_TLM : ESC2 RPM=3485 PWM=1346 TEMP=49C CURR=5.2A
[2018-09-13 13:06:20.029 CET] NAV     : ALT=119.7m REL_ALT=19.7m
[2018-09-13 13:06:20.031 CET] ESC_TLM : ESC3 RPM=3490 PWM=1348 TEMP=49C CURR=5.4A
[2018-09-13 13:06:18.037 CET] POWER   : BATT_VOLT=15.68V BATT_CURR=4.7A SOC=86%
[2018-09-13 13:06:18.039 CET] ESC_TLM : ESC4 RPM=3492 PWM=1349 TEMP=49C CURR=4.8A
[2018-09-13 13:06:30.047 CET] IMU INFO : VIBRATION nominal
[2018-09-13 13:06:35.053 CET] POWER   : BATT_VOLT=15.64V BATT_CURR=5.0A SOC=85%
[2018-09-13 13:06:35.055 CET] FC INFO  : TELEMETRY link stable
[2018-09-13 13:06:40.061 CET] ESC_TLM : ESC1 RPM=3500 PWM=1351 TEMP=50C CURR=5.1A
[2018-09-13 13:06:45.067 CET] NAV     : LOITER radius 0.4m
[2018-09-13 13:06:45.069 CET] GPS INFO : SATS=13 HDOP=0.76
[2018-09-13 13:06:50.075 CET] POWER   : BATT_VOLT=15.60V BATT_CURR=4.9A SOC=85%
[2018-09-13 13:06:50.077 CET] ESC_TLM : ESC2 RPM=3505 PWM=1352 TEMP=50C CURR=5.0A
[2018-09-13 13:06:55.083 CET] IMU INFO : SMALL wind gust corrected
[2018-09-13 13:07:00.000 CET] FC INFO : Establishing communication.
[2018-09-13 13:07:00.000 CET] FC INFO : Communication established. Signal strength: 83%.
[2018-09-13 13:07:00.001 CET] POWER   : BATT_VOLT=15.56V BATT_CURR=5.6A SOC=84%
[2018-09-13 13:07:00.003 CET] ESC_TLM : ESC3 RPM=3510 PWM=1354 TEMP=50C CURR=5.5A
[2018-09-13 13:07:03.412 CET] FC INFO : Communication established. Sending image file.
[2018-09-13 13:07:05.009 CET] NAV     : ALT=120.2m REL_ALT=20.2m
[2018-09-13 13:07:10.017 CET] POWER   : BATT_VOLT=15.52V BATT_CURR=5.2A SOC=84%
[2018-09-13 13:07:10.019 CET] ESC_TLM : ESC4 RPM=3515 PWM=1356 TEMP=51C CURR=5.3A
[2018-09-13 13:07:15.018 CET] FC INFO  : FLIGHT_TIME=450s
[2018-09-13 13:07:15.027 CET] IMU INFO : EKF2 position variance low
[2018-09-13 13:07:20.033 CET] POWER   : BATT_VOLT=15.48V BATT_CURR=4.9A SOC=83%
[2018-09-13 13:07:20.035 CET] ESC_TLM : ESC1 RPM=3520 PWM=1358 TEMP=51C CURR=4.8A
[2018-09-13 13:07:18.041 CET] GPS INFO : SATS=13 HDOP=0.75
[2018-09-13 13:07:18.043 CET] NAV     : HORIZ_ERR 0.3m
[2018-09-13 13:07:30.049 CET] ESC_TLM : ESC2 RPM=3518 PWM=1360 TEMP=52C CURR=5.0A
[2018-09-13 13:07:35.055 CET] POWER   : BATT_VOLT=15.44V BATT_CURR=5.1A SOC=83%
[2018-09-13 13:07:35.057 CET] IMU INFO : VIBRATION nominal
[2018-09-13 13:07:40.063 CET] ESC_TLM : ESC3 RPM=3530 PWM=1361 TEMP=52C CURR=5.2A
[2018-09-13 13:07:45.069 CET] NAV     : ALT=119.6m REL_ALT=19.6m
[2018-09-13 13:07:45.071 CET] POWER   : BATT_VOLT=15.40V BATT_CURR=4.7A SOC=82%
[2018-09-13 13:07:50.077 CET] ESC_TLM : ESC4 RPM=3532 PWM=1363 TEMP=52C CURR=4.9A
[2018-09-13 13:08:00.000 CET] FC INFO : Establishing communication.
[2018-09-13 13:08:00.000 CET] FC INFO : Communication established. Signal strength: 80%.
[2018-09-13 13:08:00.001 CET] FC INFO  : TELEMETRY uplink 98%
[2018-09-13 13:08:00.003 CET] POWER   : BATT_VOLT=15.36V BATT_CURR=5.3A SOC=82%
[2018-09-13 13:08:00.005 CET] ESC_TLM : ESC1 RPM=3540 PWM=1365 TEMP=53C CURR=5.1A
[2018-09-13 13:08:03.412 CET] FC INFO : Communication established. Sending image file.
[2018-09-13 13:08:05.011 CET] IMU INFO : GYRO stable
[2018-09-13 13:08:10.017 CET] ESC_TLM : ESC2 RPM=3545 PWM=1366 TEMP=53C CURR=5.2A
[2018-09-13 13:08:10.019 CET] POWER   : BATT_VOLT=15.32V BATT_CURR=4.8A SOC=81%
[2018-09-13 13:08:15.018 CET] NAV     : HOLD within 0.3m
[2018-09-13 13:08:15.027 CET] ESC_TLM : ESC3 RPM=3550 PWM=1368 TEMP=53C CURR=5.0A
[2018-09-13 13:08:20.033 CET] GPS INFO : HDOP=0.74 SATS=13
[2018-09-13 13:08:20.035 CET] POWER   : BATT_VOLT=15.28V BATT_CURR=5.4A SOC=81%
[2018-09-13 13:08:18.041 CET] ESC_TLM : ESC4 RPM=3552 PWM=1369 TEMP=54C CURR=5.3A
[2018-09-13 13:08:30.047 CET] IMU INFO : VIBRATIONS stable
[2018-09-13 13:08:30.049 CET] FC INFO  : FLIGHT_TIME=540s
[2018-09-13 13:08:35.055 CET] POWER   : BATT_VOLT=15.24V BATT_CURR=4.9A SOC=80%
[2018-09-13 13:08:35.057 CET] ESC_TLM : ESC1 RPM=3560 PWM=1371 TEMP=54C CURR=5.0A
[2018-09-13 13:08:40.063 CET] NAV     : ALT=120.3m REL_ALT=20.3m
[2018-09-13 13:08:45.071 CET] ESC_TLM : ESC2 RPM=3565 PWM=1372 TEMP=55C CURR=5.2A
[2018-09-13 13:08:50.077 CET] POWER   : BATT_VOLT=15.20V BATT_CURR=5.1A SOC=80%
[2018-09-13 13:08:50.079 CET] IMU INFO : EKF2 OK
[2018-09-13 13:08:55.085 CET] ESC_TLM : ESC3 RPM=3570 PWM=1374 TEMP=55C CURR=5.3A
[2018-09-13 13:09:00.000 CET] FC INFO : Establishing communication.
[2018-09-13 13:09:00.000 CET] FC INFO : Communication established. Signal strength: 80%.
[2018-09-13 13:09:00.001 CET] POWER   : BATT_VOLT=15.16V BATT_CURR=4.8A SOC=79%
[2018-09-13 13:09:00.003 CET] FC INFO  : TELEMETRY nominal
[2018-09-13 13:09:03.583 CET] FC INFO : Communication established. Sending image file.
[2018-09-13 13:09:05.009 CET] ESC_TLM : ESC4 RPM=3572 PWM=1375 TEMP=55C CURR=4.9A
[2018-09-13 13:09:10.015 CET] GPS INFO : SATS=13 HDOP=0.73
[2018-09-13 13:09:10.017 CET] NAV     : HORIZ_ERR 0.2m
[2018-09-13 13:09:15.023 CET] POWER   : BATT_VOLT=15.12V BATT_CURR=5.4A SOC=79%
[2018-09-13 13:09:15.018 CET] ESC_TLM : ESC1 RPM=3580 PWM=1377 TEMP=56C CURR=5.3A
[2018-09-13 13:09:20.031 CET] IMU INFO : VIBRATION within thresholds
[2018-09-13 13:09:20.033 CET] ESC_TLM : ESC2 RPM=3585 PWM=1378 TEMP=56C CURR=5.0A
[2018-09-13 13:09:18.039 CET] POWER   : BATT_VOLT=15.08V BATT_CURR=5.0A SOC=78%
[2018-09-13 13:09:18.041 CET] NAV     : ALT=120.0m REL_ALT=20.0m
[2018-09-13 13:09:30.047 CET] ESC_TLM : ESC3 RPM=3590 PWM=1380 TEMP=56C CURR=5.1A
[2018-09-13 13:09:35.053 CET] FC INFO  : GCS commands nominal
[2018-09-13 13:09:35.055 CET] POWER   : BATT_VOLT=15.04V BATT_CURR=4.7A SOC=78%
[2018-09-13 13:09:40.063 CET] ESC_TLM : ESC4 RPM=3592 PWM=1381 TEMP=57C CURR=4.8A
[2018-09-13 13:09:45.069 CET] IMU INFO : EKF2 healthy
[2018-09-13 13:09:45.071 CET] POWER   : BATT_VOLT=15.00V BATT_CURR=5.2A SOC=77%
[2018-09-13 13:09:50.077 CET] ESC_TLM : ESC1 RPM=3600 PWM=1383 TEMP=57C CURR=5.2A
[2018-09-13 13:09:55.083 CET] NAV     : HOLD tight, drift <0.18m
[2018-09-13 13:10:00.000 CET] FC INFO : Establishing communication.
[2018-09-13 13:10:00.000 CET] FC INFO : Communication established. Signal strength: 78%.
[2018-09-13 13:10:00.001 CET] POWER   : BATT_VOLT=13.96V BATT_CURR=4.9A SOC=77%
[2018-09-13 13:10:00.003 CET] FC INFO  : FLIGHT_TIME=600s
[2018-09-13 13:10:04.347 CET] FC INFO : Communication established. Sending image file.
[2018-09-13 13:10:05.009 CET] ESC_TLM : ESC2 RPM=3605 PWM=1384 TEMP=58C CURR=5.0A
[2018-09-13 13:10:10.015 CET] GPS INFO : SATS=13 HDOP=0.72
[2018-09-13 13:10:10.017 CET] POWER   : BATT_VOLT=13.92V BATT_CURR=5.3A SOC=76%
[2018-09-13 13:10:15.023 CET] ESC_TLM : ESC3 RPM=3610 PWM=1386 TEMP=58C CURR=5.4A
[2018-09-13 13:10:20.029 CET] NAV     : ALT=119.8m REL_ALT=19.8m
[2018-09-13 13:10:20.031 CET] IMU INFO : VIBE nominal
[2018-09-13 13:10:18.037 CET] POWER   : BATT_VOLT=13.88V BATT_CURR=5.0A SOC=76%
[2018-09-13 13:10:18.039 CET] ESC_TLM : ESC4 RPM=3612 PWM=1387 TEMP=59C CURR=5.1A
[2018-09-13 13:10:30.047 CET] FC INFO  : TELEMETRY healthy
[2018-09-13 13:10:35.053 CET] POWER   : BATT_VOLT=13.84V BATT_CURR=4.8A SOC=75%
[2018-09-13 13:10:35.055 CET] ESC_TLM : ESC1 RPM=3620 PWM=1389 TEMP=59C CURR=4.9A
[2018-09-13 13:10:40.061 CET] NAV     : POS_ERR < 0.2m
[2018-09-13 13:10:40.063 CET] GPS INFO : SATS=13 HDOP=0.71
[2018-09-13 13:10:45.069 CET] IMU INFO : EKF2 variance stable
[2018-09-13 13:10:45.071 CET] POWER   : BATT_VOLT=13.80V BATT_CURR=5.1A SOC=75%
[2018-09-13 13:10:50.077 CET] ESC_TLM : ESC2 RPM=3618 PWM=1390 TEMP=60C CURR=5.2A
[2018-09-13 13:10:55.083 CET] FC INFO  : FLIGHT_TIME=660s
[2018-09-13 13:11:00.000 CET] FC INFO : Establishing communication.
[2018-09-13 13:11:00.000 CET] FC INFO : Communication established. Signal strength: 77%.
[2018-09-13 13:11:00.001 CET] POWER   : BATT_VOLT=13.76V BATT_CURR=4.9A SOC=74%
[2018-09-13 13:11:00.003 CET] ESC_TLM : ESC3 RPM=3630 PWM=1392 TEMP=60C CURR=5.0A
[2018-09-13 13:11:00.000 CET] FC INFO : Communication established. Sending image file.
[2018-09-13 13:11:10.015 CET] NAV     : ALT=120.1m REL_ALT=20.1m
[2018-09-13 13:11:10.017 CET] POWER   : BATT_VOLT=13.72V BATT_CURR=5.3A SOC=74%
[2018-09-13 13:11:15.023 CET] IMU INFO : VIBRATION nominal
[2018-09-13 13:11:15.018 CET] ESC_TLM : ESC4 RPM=3632 PWM=1393 TEMP=61C CURR=5.1A
[2018-09-13 13:11:20.031 CET] FC INFO  : GCS link quality 99%
[2018-09-13 13:11:20.033 CET] POWER   : BATT_VOLT=13.68V BATT_CURR=4.8A SOC=73%
[2018-09-13 13:11:18.039 CET] ESC_TLM : ESC1 RPM=3640 PWM=1395 TEMP=61C CURR=4.9A
[2018-09-13 13:11:30.045 CET] GPS INFO : SATS=13 HDOP=0.70
[2018-09-13 13:11:30.047 CET] NAV     : HORIZ_ERR 0.15m
[2018-09-13 13:11:35.053 CET] POWER   : BATT_VOLT=13.64V BATT_CURR=5.2A SOC=73%
[2018-09-13 13:11:35.055 CET] ESC_TLM : ESC2 RPM=3645 PWM=1396 TEMP=62C CURR=5.2A
[2018-09-13 13:11:40.061 CET] IMU INFO : EKF2 healthy
[2018-09-13 13:11:40.063 CET] ESC_TLM : ESC3 RPM=3650 PWM=1398 TEMP=62C CURR=5.3A
[2018-09-13 13:11:45.069 CET] POWER   : BATT_VOLT=13.60V BATT_CURR=5.0A SOC=72%
[2018-09-13 13:11:50.077 CET] ESC_TLM : ESC4 RPM=3652 PWM=1399 TEMP=62C CURR=4.9A
[2018-09-13 13:11:55.083 CET] FC INFO  : FLIGHT_TIME=720s
[2018-09-13 13:12:00.000 CET] FC INFO : Establishing communication.
[2018-09-13 13:12:00.000 CET] FC INFO : Communication established. Signal strength: 75%.
[2018-09-13 13:12:00.001 CET] POWER   : BATT_VOLT=13.56V BATT_CURR=4.7A SOC=72%
[2018-09-13 13:12:00.003 CET] NAV     : LOITER holding (0.15m)
[2018-09-13 13:12:04.201 CET] FC INFO : Communication established. Sending image file.
[2018-09-13 13:12:05.009 CET] GPS INFO : SATS=13 HDOP=0.69
[2018-09-13 13:12:05.011 CET] ESC_TLM : ESC1 RPM=3660 PWM=1501 TEMP=63C CURR=4.8A
[2018-09-13 13:12:10.017 CET] POWER   : BATT_VOLT=13.52V BATT_CURR=5.1A SOC=71%
[2018-09-13 13:12:10.019 CET] ESC_TLM : ESC2 RPM=3665 PWM=1502 TEMP=63C CURR=5.0A
[2018-09-13 13:12:15.018 CET] IMU INFO : SMALL drift corrected
[2018-09-13 13:12:15.027 CET] ESC_TLM : ESC3 RPM=3670 PWM=1504 TEMP=64C CURR=5.2A
[2018-09-13 13:12:20.033 CET] POWER   : BATT_VOLT=13.48V BATT_CURR=4.9A SOC=71%
[2018-09-13 13:12:20.035 CET] NAV     : ALT=120.0m REL_ALT=20.0m
[2018-09-13 13:12:18.043 CET] ESC_TLM : ESC4 RPM=3672 PWM=1505 TEMP=64C CURR=4.8A
[2018-09-13 13:12:30.049 CET] POWER   : BATT_VOLT=13.44V BATT_CURR=5.3A SOC=70%
[2018-09-13 13:12:30.051 CET] IMU INFO : EKF2 variance low
[2018-09-13 13:12:35.057 CET] ESC_TLM : ESC1 RPM=3680 PWM=1507 TEMP=65C CURR=5.1A
[2018-09-13 13:12:40.063 CET] NAV     : HORIZ_ERR 0.12m
[2018-09-13 13:12:40.065 CET] GPS INFO : SATS=13 HDOP=0.68
[2018-09-13 13:12:45.071 CET] POWER   : BATT_VOLT=13.40V BATT_CURR=4.8A SOC=70%
[2018-09-13 13:12:45.073 CET] ESC_TLM : ESC2 RPM=3685 PWM=1509 TEMP=65C CURR=4.9A
[2018-09-13 13:12:50.079 CET] IMU INFO : VIBRATION nominal
[2018-09-13 13:12:50.081 CET] ESC_TLM : ESC3 RPM=3690 PWM=1510 TEMP=66C CURR=5.0A
[2018-09-13 13:12:55.087 CET] POWER   : BATT_VOLT=13.36V BATT_CURR=5.2A SOC=69%
[2018-09-13 13:12:55.089 CET] FC INFO  : FLIGHT_TIME=840s
[2018-09-13 13:13:00.000 CET] FC INFO : Establishing communication.
[2018-09-13 13:13:00.000 CET] FC INFO : Communication established. Signal strength: 74%.
[2018-09-13 13:13:00.003 CET] POWER   : BATT_VOLT=13.32V BATT_CURR=4.9A SOC=69%
[2018-09-13 13:13:00.005 CET] ESC_TLM : ESC4 RPM=3692 PWM=1512 TEMP=66C CURR=4.8A
[2018-09-13 13:13:04.560 CET] FC INFO : Communication established. Sending image file.
[2018-09-13 13:13:05.011 CET] NAV     : ALT=119.9m REL_ALT=19.9m
[2018-09-13 13:13:10.017 CET] IMU INFO : EKF2 healthy
[2018-09-13 13:13:10.019 CET] POWER   : BATT_VOLT=13.28V BATT_CURR=5.1A SOC=68%
[2018-09-13 13:13:15.018 CET] ESC_TLM : ESC1 RPM=3700 PWM=1513 TEMP=67C CURR=5.1A
[2018-09-13 13:13:20.031 CET] GPS INFO : SATS=13 HDOP=0.67
[2018-09-13 13:13:20.033 CET] ESC_TLM : ESC2 RPM=3705 PWM=1515 TEMP=67C CURR=5.2A
[2018-09-13 13:13:18.039 CET] POWER   : BATT_VOLT=13.24V BATT_CURR=4.8A SOC=68%
[2018-09-13 13:13:18.041 CET] NAV     : HORIZ_ERR 0.10m
[2018-09-13 13:13:30.047 CET] IMU INFO : VIBRATION nominal
[2018-09-13 13:13:30.049 CET] ESC_TLM : ESC3 RPM=3710 PWM=1517 TEMP=68C CURR=5.0A
[2018-09-13 13:13:35.055 CET] POWER   : BATT_VOLT=13.20V BATT_CURR=5.3A SOC=67%
[2018-09-13 13:13:35.057 CET] ESC_TLM : ESC4 RPM=3712 PWM=1518 TEMP=68C CURR=5.3A
[2018-09-13 13:13:40.065 CET] NAV     : ALT=120.2m REL_ALT=20.2m
[2018-09-13 13:13:45.071 CET] FC INFO  : TELEMETRY stable
[2018-09-13 13:13:45.073 CET] POWER   : BATT_VOLT=13.16V BATT_CURR=4.9A SOC=67%
[2018-09-13 13:13:50.079 CET] ESC_TLM : ESC1 RPM=3720 PWM=1520 TEMP=69C CURR=5.0A
[2018-09-13 13:13:55.085 CET] IMU INFO : EKF2 variance nominal
[2018-09-13 13:13:00.001 CET] POWER   : BATT_VOLT=13.12V BATT_CURR=5.2A SOC=66%
[2018-09-13 13:13:00.003 CET] ESC_TLM : ESC2 RPM=3718 PWM=1521 TEMP=69C CURR=5.1A
[2018-09-13 13:13:05.009 CET] GPS INFO : SATS=13 HDOP=0.66
[2018-09-13 13:13:10.015 CET] NAV     : HOLD <0.1m drift
[2018-09-13 13:13:10.017 CET] POWER   : BATT_VOLT=13.08V BATT_CURR=4.8A SOC=66%
[2018-09-13 13:13:15.023 CET] ESC_TLM : ESC3 RPM=3730 PWM=1523 TEMP=70C CURR=4.9A
[2018-09-13 13:13:20.029 CET] IMU INFO : minor yaw correction applied
[2018-09-13 13:13:20.031 CET] ESC_TLM : ESC4 RPM=3732 PWM=1524 TEMP=70C CURR=5.0A
[2018-09-13 13:13:18.037 CET] POWER   : BATT_VOLT=13.04V BATT_CURR=5.0A SOC=65%
[2018-09-13 13:13:30.045 CET] FC INFO  : FLIGHT_TIME=1080s
[2018-09-13 13:13:30.047 CET] IMU INFO : EKF2 healthy
[2018-09-13 13:13:35.053 CET] ESC_TLM : ESC1 RPM=3740 PWM=1526 TEMP=71C CURR=5.2A
[2018-09-13 13:13:40.059 CET] POWER   : BATT_VOLT=13.00V BATT_CURR=4.9A SOC=65%
[2018-09-13 13:13:40.061 CET] NAV     : ALT=120.0m REL_ALT=20.0m
[2018-09-13 13:13:45.067 CET] ESC_TLM : ESC2 RPM=3745 PWM=1527 TEMP=71C CURR=5.1A
[2018-09-13 13:13:50.073 CET] GPS INFO : SATS=13 HDOP=0.66
[2018-09-13 13:13:50.075 CET] IMU INFO : small gust corrected
[2018-09-13 13:13:55.081 CET] POWER   : BATT_VOLT=13.96V BATT_CURR=5.3A SOC=64%
[2018-09-13 13:13:55.083 CET] ESC_TLM : ESC3 RPM=3750 PWM=1529 TEMP=72C CURR=5.3A
[2018-09-13 13:14:00.000 CET] FC INFO : Establishing communication.
[2018-09-13 13:14:00.000 CET] FC INFO : Communication established. Signal strength: 74%.
[2018-09-13 13:14:20.374 CET] FC INFO : Communication established. Sending image file.
[2018-09-13 13:15:00.001 CET] FC INFO  : TELEMETRY link 99%
[2018-09-13 13:15:00.003 CET] POWER   : BATT_VOLT=13.92V BATT_CURR=4.8A SOC=64%
[2018-09-13 13:15:00.005 CET] ESC_TLM : ESC4 RPM=3752 PWM=1530 TEMP=72C CURR=4.9A
[2018-09-13 13:15:10.017 CET] NAV     : ALT=119.8m REL_ALT=19.8m
[2018-09-13 13:15:10.019 CET] IMU INFO : EKF2 variance low
[2018-09-13 13:15:15.018 CET] POWER   : BATT_VOLT=13.88V BATT_CURR=5.1A SOC=63%
[2018-09-13 13:15:15.027 CET] ESC_TLM : ESC1 RPM=3760 PWM=1532 TEMP=73C CURR=5.1A
[2018-09-13 13:15:20.033 CET] FC INFO  : FLIGHT_TIME=1130s
[2018-09-13 13:15:20.035 CET] ESC_TLM : ESC2 RPM=3765 PWM=1533 TEMP=73C CURR=5.2A
[2018-09-13 13:15:18.041 CET] GPS INFO : SATS=13 HDOP=0.65
[2018-09-13 13:15:18.043 CET] POWER   : BATT_VOLT=13.84V BATT_CURR=5.0A SOC=63%
[2018-09-13 13:15:30.049 CET] ESC_TLM : ESC3 RPM=3770 PWM=1535 TEMP=74C CURR=5.0A
[2018-09-13 13:15:35.055 CET] IMU INFO : VIBRATION nominal
[2018-09-13 13:15:35.057 CET] NAV     : HORIZ_ERR 0.10m
[2018-09-13 13:15:40.063 CET] POWER   : BATT_VOLT=13.80V BATT_CURR=4.8A SOC=62%
[2018-09-13 13:15:40.065 CET] ESC_TLM : ESC4 RPM=3772 PWM=1536 TEMP=74C CURR=4.8A
[2018-09-13 13:15:45.073 CET] FC INFO  : TELEMETRY nominal
[2018-09-13 13:15:50.079 CET] POWER   : BATT_VOLT=13.76V BATT_CURR=5.2A SOC=62%
[2018-09-13 13:15:50.081 CET] IMU INFO : EKF2 healthy
[2018-09-13 13:15:55.087 CET] ESC_TLM : ESC1 RPM=3780 PWM=1538 TEMP=75C CURR=5.2A
[2018-09-13 13:16:00.000 CET] FC INFO : Establishing communication.
[2018-09-13 13:16:00.000 CET] FC INFO : Communication established. Signal strength: 74%.
[2018-09-13 13:16:00.001 CET] FC INFO  : FLIGHT_TIME=1200s
[2018-09-13 13:16:00.003 CET] POWER   : BATT_VOLT=13.72V BATT_CURR=5.0A SOC=61%
[2018-09-13 13:16:00.005 CET] GPS INFO : SATS=13 HDOP=0.65
[2018-09-13 13:16:04.423 CET] FC INFO : Communication established. Sending image file.
[2018-09-13 13:16:05.011 CET] ESC_TLM : ESC2 RPM=3785 PWM=1539 TEMP=75C CURR=5.0A
[2018-09-13 13:16:10.017 CET] NAV     : ALT=120.1m REL_ALT=20.1m
[2018-09-13 13:16:10.019 CET] IMU INFO : VIBRATION nominal
[2018-09-13 13:16:15.018 CET] POWER   : BATT_VOLT=13.68V BATT_CURR=4.9A SOC=61%
[2018-09-13 13:16:15.027 CET] ESC_TLM : ESC3 RPM=3790 PWM=1541 TEMP=76C CURR=4.9A
[2018-09-13 13:16:20.035 CET] ESC_TLM : ESC4 RPM=3792 PWM=1542 TEMP=76C CURR=4.8A
[2018-09-13 13:16:18.041 CET] POWER   : BATT_VOLT=13.64V BATT_CURR=5.1A SOC=60%
[2018-09-13 13:16:18.043 CET] FC INFO  : GCS commands nominal
[2018-09-13 13:16:30.049 CET] IMU INFO : EKF2 variance low
[2018-09-13 13:16:30.051 CET] NAV     : HORIZ_ERR 0.08m
[2018-09-13 13:16:35.057 CET] GPS INFO : SATS=13 HDOP=0.64
[2018-09-13 13:16:35.059 CET] POWER   : BATT_VOLT=13.60V BATT_CURR=4.8A SOC=60%
[2018-09-13 13:16:40.063 CET] ESC_TLM : ESC1 RPM=3800 PWM=1544 TEMP=77C CURR=4.9A
[2018-09-13 13:16:45.069 CET] ESC_TLM : ESC2 RPM=3805 PWM=1546 TEMP=77C CURR=5.0A
[2018-09-13 13:16:50.075 CET] POWER   : BATT_VOLT=13.56V BATT_CURR=5.2A SOC=59%
[2018-09-13 13:16:50.077 CET] IMU INFO : SMALL yaw correction, pilot input minimal
[2018-09-13 13:16:55.085 CET] ESC_TLM : ESC3 RPM=3810 PWM=1548 TEMP=78C CURR=5.2A
[2018-09-13 13:17:00.000 CET] FC INFO : Establishing communication.
[2018-09-13 13:17:00.000 CET] FC INFO : Communication established. Signal strength: 74%.
[2018-09-13 13:17:00.001 CET] FC INFO  : FLIGHT_TIME=1260s
[2018-09-13 13:17:00.003 CET] POWER   : BATT_VOLT=13.52V BATT_CURR=5.0A SOC=59%
[2018-09-13 13:17:00.005 CET] ESC_TLM : ESC4 RPM=3812 PWM=1549 TEMP=78C CURR=5.1A
[2018-09-13 13:17:04.467 CET] FC INFO : Communication established. Sending image file.
[2018-09-13 13:17:05.011 CET] NAV     : ALT=119.9m REL_ALT=19.9m HLD
[2018-09-13 13:17:10.017 CET] IMU INFO : EKF2 healthy
[2018-09-13 13:17:10.019 CET] POWER   : BATT_VOLT=13.48V BATT_CURR=4.9A SOC=58%
[2018-09-13 13:17:15.018 CET] GPS INFO : SATS=13 HDOP=0.64
[2018-09-13 13:17:15.027 CET] ESC_TLM : ESC1 RPM=3820 PWM=1551 TEMP=79C CURR=5.0A
[2018-09-13 13:17:20.033 CET] ESC_TLM : ESC2 RPM=3818 PWM=1552 TEMP=79C CURR=4.9A
[2018-09-13 13:17:18.039 CET] POWER   : BATT_VOLT=13.44V BATT_CURR=5.3A SOC=58%
[2018-09-13 13:17:18.041 CET] NAV     : HORIZ_ERR 0.05m
[2018-09-13 13:17:30.047 CET] IMU INFO : VIBRATIONS nominal
[2018-09-13 13:17:35.055 CET] ESC_TLM : ESC3 RPM=3830 PWM=1554 TEMP=80C CURR=5.2A
[2018-09-13 13:17:40.061 CET] POWER   : BATT_VOLT=13.40V BATT_CURR=5.0A SOC=57%
[2018-09-13 13:17:40.063 CET] ESC_TLM : ESC4 RPM=3832 PWM=1555 TEMP=80C CURR=5.0A
[2018-09-13 13:17:45.069 CET] FC INFO  : RETURN_TO_LAUNCH not triggered
[2018-09-13 13:17:45.071 CET] GPS INFO : SATS=13 HDOP=0.63
[2018-09-13 13:17:50.077 CET] POWER   : BATT_VOLT=13.36V BATT_CURR=4.8A SOC=57%
[2018-09-13 13:17:50.079 CET] IMU INFO : EKF2 variance nominal
[2018-09-13 13:17:55.085 CET] ESC_TLM : ESC1 RPM=3840 PWM=1557 TEMP=81C CURR=4.9A
[2018-09-13 13:17:56.091 CET] ESC_TLM : ESC2 RPM=3838 PWM=1556 TEMP=80C CURR=4.8A
[2018-09-13 13:17:57.097 CET] ESC_TLM : ESC3 RPM=3835 PWM=1555 TEMP=80C CURR=5.0A
[2018-09-13 13:17:58.103 CET] ESC_TLM : ESC4 RPM=3837 PWM=1555 TEMP=80C CURR=5.0A
[2018-09-13 13:17:59.110 CET] POWER   : BATT_VOLT=13.34V BATT_CURR=4.9A SOC=57%
[2018-09-13 13:18:00.000 CET] FC INFO : Establishing communication.
[2018-09-13 13:01:00.000 CET] FC INFO : ERROR Communication not established.
[2018-09-13 13:18:01.121 CET] IMU INFO : VIBRATIONS nominal
[2018-09-13 13:18:02.127 CET] NAV     : HORIZ_ERR 0.04m
[2018-09-13 13:18:03.133 CET] ESC_TLM : ESC1 RPM=3842 PWM=1557 TEMP=81C CURR=4.9A
[2018-09-13 13:18:04.139 CET] ESC_TLM : ESC2 RPM=3840 PWM=1557 TEMP=80C CURR=4.8A
[2018-09-13 13:18:05.145 CET] ESC_TLM : ESC3 RPM=3838 PWM=1555 TEMP=80C CURR=5.0A
[2018-09-13 13:18:06.151 CET] ESC_TLM : ESC4 RPM=3839 PWM=1555 TEMP=80C CURR=5.0A
[2018-09-13 13:18:07.157 CET] POWER   : BATT_VOLT=13.32V BATT_CURR=4.8A SOC=56%
[2018-09-13 13:18:09.169 CET] IMU INFO : VIBRATIONS nominal
[2018-09-13 13:18:10.175 CET] NAV     : HORIZ_ERR 0.03m
[2018-09-13 13:18:11.812 CET] ESC_TLM : ESC1 RPM=3600 PWM=1320 TEMP=70C CURR=8.9A
[2018-09-13 13:18:02.005 CET] IMU WARN: ACC_SPIKE - mag spike detected (Z axis) dAcc=0.52g; PID integrator clamped
[2018-09-13 13:18:40.110 CET] FC INFO  : YAW_OSCILLATION - auto-attenuation applied (P yaw reduced 10%)
[2018-09-13 13:18:12.238 CET] ESC_TLM : ESC2 ERROR : OVERCURRENT (code 0x03) CURR=22.7A TEMP=68C -> ESC2 REBOOT
[2018-09-13 13:18:12.241 CET] GCS WARN : ESC2 lost telemetry (timeout 150 ms)
[2018-09-13 13:18:13.010 CET] RC_CMD  : Pilot throttle +15% (manual correction)
[2018-09-13 13:18:15.112 CET] ESC_TLM : ESC2 RPM=0 PWM=1500 TEMP=70C CURR=0.1A  <-- commanded but no RPM
[2018-09-13 13:18:16.556 CET] FC ERR  : MOTOR_CMD mismatch - requested PWM 1500 for motor 2, measured RPM mismatch > 95%
[2018-09-13 13:18:17.880 CET] ESC_TLM : ESC3 RPM=2900 PWM=1380 TEMP=60C CURR=18.9A  <-- high current on motor 3
[2018-09-13 13:18:18.102 CET] ESC_TLM : ESC3 ERROR : PHASE-LOSS (code 0x09) -> RPM drop from 2900 -> 0 in 40 ms
[2018-09-13 13:18:19.215 CET] FC INFO : SEMI-TOTAL LOSS entering secure mode.
[2018-09-13 13:18:20.837 CET] FC INFO : Communication not established -> Saving image file.
[2018-09-13 13:18:21.002 CET] FC INFO : Communication not established -> Saving image file.
[2018-09-13 13:18:22.430 CET] FC WARN : POWER_5V_DROP - 5V rail measured 4.20V (nominal 5.1V), telemetry packet loss increases
[2018-09-13 13:18:22.892 CET] FC INFO : Communication not established -> Saving image file.
[2018-09-13 13:18:23.467 CET] FC INFO : Communication not established -> Saving image file.
[2018-09-13 13:18:24.003 CET] ESC_TLM : ESC4 LATENCY - telemetry jitter 180 ms (baseline 12 ms)
[2018-09-13 13:18:24.329 CET] FC INFO : Communication not established -> Saving image file.
[2018-09-13 13:18:25.541 CET] FC INFO : Communication not established -> Saving image file.
[2018-09-13 13:18:25.210 CET] FC INFO : FAILSAFE_ARM - FC commanded motors to idle due to ESC comms loss.
[2018-09-13 13:18:26.893 CET] FC INFO : Communication not established -> Saving image file.
[2018-09-13 13:18:27.347 CET] FC INFO : Communication not established -> Saving image file.
[2018-09-13 13:18:27.829 CET] ESC_TLM : ESC1 RPM=3600 PWM=0 TEMP=74C CURR=0.0A
[2018-09-13 13:18:28.004 CET] POWER   : BATT_VOLT=15.4V BATT_CURR=31.6A SOC=72%  <-- sudden current draw increase
[2018-09-13 13:18:28.580 CET] FC INFO : Communication not established -> Saving image file.
[2018-09-13 13:18:28.911 CET] ESC_TLM : ESC2 RPM=0    PWM=0 TEMP=71C CURR=0.0A
[2018-09-13 13:18:29.032 CET] FC INFO : Communication not established -> Saving image file.
[2018-09-13 13:18:30.120 CET] FC ERR  : ESC_CAN BUS ERROR - CRC fail count 7
[2018-09-13 13:18:30.334 CET] FC INFO : Communication not established -> Saving image file.
[2018-09-13 13:18:30.593 CET] ESC_TLM : ESC3 RPM=0    PWM=0 TEMP=73C CURR=0.0A
[2018-09-13 13:18:30.947 CET] FC CRIT : TOTAL_MOTOR_FAILURE - All motors reported zero RPM; request to motors ignored.
[2018-09-13 13:18:31.002 CET] FC INFO : Communication not established -> Saving sender crash file.
[2018-09-13 13:18:31.540 CET] FC INFO : Communication not established -> Saving image file.
[2018-09-13 13:18:31.915 CET] FC INFO : INERTIAL IMPACT DETECTED - sudden deceleration 13.5 g -> logging ends.
[2018-09-13 13:18:32.342 CET] FC INFO : Communication not established -> Saving image file.
[2018-09-13 13:18:32.590 CET] FC INFO  : LOGGING_STOP - FATAL ERROR
